Arguments: 
  /home/philippe_chab/.nvm/versions/node/v18.1.0/bin/node /usr/share/yarn/bin/yarn.js add --dev @types/vscode-oniguruma

PATH: 
  /home/philippe_chab/.nimble/bin:/home/philippe_chab/.nvm/versions/node/v18.1.0/bin:/home/philippe_chab/.cargo/bin:/usr/local/sbin:/usr/local/bin:/usr/sbin:/usr/bin:/sbin:/bin:/usr/games:/usr/local/games:/usr/lib/wsl/lib:/mnt/c/Program Files (x86)/Common Files/Oracle/Java/javapath:/mnt/c/ProgramData/Oracle/Java/javapath:/mnt/c/program files (x86)/intel/icls client/:/mnt/c/program files/intel/icls client/:/mnt/c/windows/system32:/mnt/c/windows:/mnt/c/windows/system32/wbem:/mnt/c/windows/system32/windowspowershell/v1.0/:/mnt/c/program files (x86)/intel/intel(r) management engine components/dal:/mnt/c/program files/intel/intel(r) management engine components/dal:/mnt/c/program files (x86)/intel/intel(r) management engine components/ipt:/mnt/c/program files/intel/intel(r) management engine components/ipt:/mnt/c/windows/system32/config/systemprofile/.dnx/bin:/mnt/c/program files/microsoft dnx/dnvm/:/mnt/c/program files/git/cmd:/mnt/c/Program Files (x86)/NVIDIA Corporation/PhysX/Common:/mnt/c/Program Files/Intel/WiFi/bin/:/mnt/c/Program Files/Common Files/Intel/WirelessCommon/:/mnt/c/WINDOWS/system32:/mnt/c/WINDOWS:/mnt/c/WINDOWS/System32/Wbem:/mnt/c/WINDOWS/System32/WindowsPowerShell/v1.0/:/mnt/c/WINDOWS/System32/OpenSSH/:/mnt/c/ProgramData/chocolatey/bin:/mnt/c/Program Files/NVIDIA Corporation/NVIDIA NvDLISR:/mnt/c/Program Files/dotnet/:/mnt/c/Program Files/Microsoft SQL Server/Client SDK/ODBC/170/Tools/Binn/:/mnt/c/Program Files (x86)/dotnet/:/mnt/c/Program Files/Git/cmd:/mnt/c/Program Files/R/R-4.0.2/bin:/mnt/c/Program Files/LLVM/bin:/mnt/c/Program Files (x86)/MMH5.5 Manual:/mnt/c/Program Files/Docker/Docker/resources/bin:/mnt/c/ProgramData/DockerDesktop/version-bin:/mnt/c/Users/phili/AppData/Local/Microsoft/WindowsApps:/mnt/c/Users/phili/AppData/Local/.meteor:/mnt/c/Program Files (x86)/Python36/Scripts:/mnt/c/Program Files (x86)/Python36:/mnt/c/Users/phili/AppData/Local/hyper/app-3.0.2/resources/bin:/mnt/c/Users/phili/AppData/Roaming/nvm:/mnt/c/Program Files/nodejs:/mnt/c/Users/phili/AppData/Local/Programs/Microsoft VS Code/bin:/mnt/c/Users/phili/AppData/Local/GitHub/PortableGit_f02737a78695063deace08e96d5042710d3e32db/cmd/git.exe:/mnt/c/Users/phili/.dotnet/tools:/mnt/c/Users/phili/.nimble/bin:/snap/bin:/home/philippe_chab/.antigen/bundles/robbyrussell/oh-my-zsh/lib:/home/philippe_chab/.antigen/bundles/lukechilds/zsh-nvm:/home/philippe_chab/.yarn/bin

Yarn version: 
  1.22.5

Node version: 
  18.1.0

Platform: 
  linux x64

Trace: 
  Error: https://registry.yarnpkg.com/@types%2fvscode-oniguruma: Not found
      at params.callback [as _callback] (/usr/share/yarn/lib/cli.js:66988:18)
      at self.callback (/usr/share/yarn/lib/cli.js:140749:22)
      at Request.emit (node:events:527:28)
      at Request.<anonymous> (/usr/share/yarn/lib/cli.js:141721:10)
      at Request.emit (node:events:527:28)
      at IncomingMessage.<anonymous> (/usr/share/yarn/lib/cli.js:141643:12)
      at Object.onceWrapper (node:events:641:28)
      at IncomingMessage.emit (node:events:539:35)
      at endReadableNT (node:internal/streams/readable:1344:12)
      at process.processTicksAndRejections (node:internal/process/task_queues:82:21)

npm manifest: 
  {
    "name": "nwscript-lsp-server",
    "description": "NWScript LSP Server. ",
    "license": "MIT",
    "version": "1.0.0",
    "author": {
      "name": "Philippe Chabot"
    },
    "publisher": "PhilippeChab",
    "repository": {
      "type": "git",
      "url": "https://github.com/PhilippeChab/nwscript-ee-language-server"
    },
    "engines": {
      "node": "*"
    },
    "dependencies": {
      "glob": "^8.0.1",
      "vscode-languageserver": "^7.0.0",
      "vscode-languageserver-textdocument": "^1.0.4",
      "vscode-oniguruma": "^1.6.2",
      "vscode-textmate": "^7.0.1"
    },
    "devDependencies": {
      "@types/glob": "^7.2.0"
    }
  }

yarn manifest: 
  No manifest

Lockfile: 
  # THIS IS AN AUTOGENERATED FILE. DO NOT EDIT THIS FILE DIRECTLY.
  # yarn lockfile v1
  
  
  "@types/glob@^7.2.0":
    version "7.2.0"
    resolved "https://registry.yarnpkg.com/@types/glob/-/glob-7.2.0.tgz#bc1b5bf3aa92f25bd5dd39f35c57361bdce5b2eb"
    integrity sha512-ZUxbzKl0IfJILTS6t7ip5fQQM/J3TJYubDm3nMbgubNNYS62eXeUpoLUC8/7fJNiFYHTrGPQn7hspDUzIHX3UA==
    dependencies:
      "@types/minimatch" "*"
      "@types/node" "*"
  
  "@types/minimatch@*":
    version "3.0.5"
    resolved "https://registry.yarnpkg.com/@types/minimatch/-/minimatch-3.0.5.tgz#1001cc5e6a3704b83c236027e77f2f58ea010f40"
    integrity sha512-Klz949h02Gz2uZCMGwDUSDS1YBlTdDDgbWHi+81l29tQALUtvz4rAYi5uoVhE5Lagoq6DeqAUlbrHvW/mXDgdQ==
  
  "@types/node@*":
    version "17.0.31"
    resolved "https://registry.yarnpkg.com/@types/node/-/node-17.0.31.tgz#a5bb84ecfa27eec5e1c802c6bbf8139bdb163a5d"
    integrity sha512-AR0x5HbXGqkEx9CadRH3EBYx/VkiUgZIhP4wvPn/+5KIsgpNoyFaRlVe0Zlx9gRtg8fA06a9tskE2MSN7TcG4Q==
  
  balanced-match@^1.0.0:
    version "1.0.2"
    resolved "https://registry.yarnpkg.com/balanced-match/-/balanced-match-1.0.2.tgz#e83e3a7e3f300b34cb9d87f615fa0cbf357690ee"
    integrity sha512-3oSeUO0TMV67hN1AmbXsK4yaqU7tjiHlbxRDZOpH0KW9+CeX4bRAaX0Anxt0tx2MrpRpWwQaPwIlISEJhYU5Pw==
  
  brace-expansion@^2.0.1:
    version "2.0.1"
    resolved "https://registry.yarnpkg.com/brace-expansion/-/brace-expansion-2.0.1.tgz#1edc459e0f0c548486ecf9fc99f2221364b9a0ae"
    integrity sha512-XnAIvQ8eM+kC6aULx6wuQiwVsnzsi9d3WxzV3FpWTGA19F621kwdbsAcFKXgKUHZWsy+mY6iL1sHTxWEFCytDA==
    dependencies:
      balanced-match "^1.0.0"
  
  fs.realpath@^1.0.0:
    version "1.0.0"
    resolved "https://registry.yarnpkg.com/fs.realpath/-/fs.realpath-1.0.0.tgz#1504ad2523158caa40db4a2787cb01411994ea4f"
    integrity sha1-FQStJSMVjKpA20onh8sBQRmU6k8=
  
  glob@^8.0.1:
    version "8.0.1"
    resolved "https://registry.yarnpkg.com/glob/-/glob-8.0.1.tgz#00308f5c035aa0b2a447cd37ead267ddff1577d3"
    integrity sha512-cF7FYZZ47YzmCu7dDy50xSRRfO3ErRfrXuLZcNIuyiJEco0XSrGtuilG19L5xp3NcwTx7Gn+X6Tv3fmsUPTbow==
    dependencies:
      fs.realpath "^1.0.0"
      inflight "^1.0.4"
      inherits "2"
      minimatch "^5.0.1"
      once "^1.3.0"
      path-is-absolute "^1.0.0"
  
  inflight@^1.0.4:
    version "1.0.6"
    resolved "https://registry.yarnpkg.com/inflight/-/inflight-1.0.6.tgz#49bd6331d7d02d0c09bc910a1075ba8165b56df9"
    integrity sha1-Sb1jMdfQLQwJvJEKEHW6gWW1bfk=
    dependencies:
      once "^1.3.0"
      wrappy "1"
  
  inherits@2:
    version "2.0.4"
    resolved "https://registry.yarnpkg.com/inherits/-/inherits-2.0.4.tgz#0fa2c64f932917c3433a0ded55363aae37416b7c"
    integrity sha512-k/vGaX4/Yla3WzyMCvTQOXYeIHvqOKtnqBduzTHpzpQZzAskKMhZ2K+EnBiSM9zGSoIFeMpXKxa4dYeZIQqewQ==
  
  minimatch@^5.0.1:
    version "5.0.1"
    resolved "https://registry.yarnpkg.com/minimatch/-/minimatch-5.0.1.tgz#fb9022f7528125187c92bd9e9b6366be1cf3415b"
    integrity sha512-nLDxIFRyhDblz3qMuq+SoRZED4+miJ/G+tdDrjkkkRnjAsBexeGpgjLEQ0blJy7rHhR2b93rhQY4SvyWu9v03g==
    dependencies:
      brace-expansion "^2.0.1"
  
  once@^1.3.0:
    version "1.4.0"
    resolved "https://registry.yarnpkg.com/once/-/once-1.4.0.tgz#583b1aa775961d4b113ac17d9c50baef9dd76bd1"
    integrity sha1-WDsap3WWHUsROsF9nFC6753Xa9E=
    dependencies:
      wrappy "1"
  
  path-is-absolute@^1.0.0:
    version "1.0.1"
    resolved "https://registry.yarnpkg.com/path-is-absolute/-/path-is-absolute-1.0.1.tgz#174b9268735534ffbc7ace6bf53a5a9e1b5c5f5f"
    integrity sha1-F0uSaHNVNP+8es5r9TpanhtcX18=
  
  vscode-jsonrpc@6.0.0:
    version "6.0.0"
    resolved "https://registry.yarnpkg.com/vscode-jsonrpc/-/vscode-jsonrpc-6.0.0.tgz#108bdb09b4400705176b957ceca9e0880e9b6d4e"
    integrity sha512-wnJA4BnEjOSyFMvjZdpiOwhSq9uDoK8e/kpRJDTaMYzwlkrhG1fwDIZI94CLsLzlCK5cIbMMtFlJlfR57Lavmg==
  
  vscode-languageserver-protocol@3.16.0:
    version "3.16.0"
    resolved "https://registry.yarnpkg.com/vscode-languageserver-protocol/-/vscode-languageserver-protocol-3.16.0.tgz#34135b61a9091db972188a07d337406a3cdbe821"
    integrity sha512-sdeUoAawceQdgIfTI+sdcwkiK2KU+2cbEYA0agzM2uqaUy2UpnnGHtWTHVEtS0ES4zHU0eMFRGN+oQgDxlD66A==
    dependencies:
      vscode-jsonrpc "6.0.0"
      vscode-languageserver-types "3.16.0"
  
  vscode-languageserver-textdocument@^1.0.4:
    version "1.0.4"
    resolved "https://registry.yarnpkg.com/vscode-languageserver-textdocument/-/vscode-languageserver-textdocument-1.0.4.tgz#3cd56dd14cec1d09e86c4bb04b09a246cb3df157"
    integrity sha512-/xhqXP/2A2RSs+J8JNXpiiNVvvNM0oTosNVmQnunlKvq9o4mupHOBAnnzH0lwIPKazXKvAKsVp1kr+H/K4lgoQ==
  
  vscode-languageserver-types@3.16.0:
    version "3.16.0"
    resolved "https://registry.yarnpkg.com/vscode-languageserver-types/-/vscode-languageserver-types-3.16.0.tgz#ecf393fc121ec6974b2da3efb3155644c514e247"
    integrity sha512-k8luDIWJWyenLc5ToFQQMaSrqCHiLwyKPHKPQZ5zz21vM+vIVUSvsRpcbiECH4WR88K2XZqc4ScRcZ7nk/jbeA==
  
  vscode-languageserver@^7.0.0:
    version "7.0.0"
    resolved "https://registry.yarnpkg.com/vscode-languageserver/-/vscode-languageserver-7.0.0.tgz#49b068c87cfcca93a356969d20f5d9bdd501c6b0"
    integrity sha512-60HTx5ID+fLRcgdHfmz0LDZAXYEV68fzwG0JWwEPBode9NuMYTIxuYXPg4ngO8i8+Ou0lM7y6GzaYWbiDL0drw==
    dependencies:
      vscode-languageserver-protocol "3.16.0"
  
  vscode-oniguruma@^1.6.2:
    version "1.6.2"
    resolved "https://registry.yarnpkg.com/vscode-oniguruma/-/vscode-oniguruma-1.6.2.tgz#aeb9771a2f1dbfc9083c8a7fdd9cccaa3f386607"
    integrity sha512-KH8+KKov5eS/9WhofZR8M8dMHWN2gTxjMsG4jd04YhpbPR91fUj7rYQ2/XjeHCJWbg7X++ApRIU9NUwM2vTvLA==
  
  vscode-textmate@^7.0.1:
    version "7.0.1"
    resolved "https://registry.yarnpkg.com/vscode-textmate/-/vscode-textmate-7.0.1.tgz#8118a32b02735dccd14f893b495fa5389ad7de79"
    integrity sha512-zQ5U/nuXAAMsh691FtV0wPz89nSkHbs+IQV8FDk+wew9BlSDhf4UmWGlWJfTR2Ti6xZv87Tj5fENzKf6Qk7aLw==
  
  wrappy@1:
    version "1.0.2"
    resolved "https://registry.yarnpkg.com/wrappy/-/wrappy-1.0.2.tgz#b5243d8f3ec1aa35f1364605bc0d1036e30ab69f"
    integrity sha1-tSQ9jz7BqjXxNkYFvA0QNuMKtp8=
